<?xml version="1.0" encoding="UTF-8"?>
<coverage generated="1577255139">
  <project timestamp="1577255139">
    <package name="APP">
      <file name="D:\Tech Tasks\AOCD4\app/VenusFuelDepot.php">
        <class name="VenusFuelDepot" namespace="APP">
          <metrics complexity="34" methods="7" coveredmethods="7" conditionals="0" coveredconditionals="0" statements="35" coveredstatements="35" elements="42" coveredelements="42"/>
        </class>
        <line num="10" type="method" name="__construct" complexity="1" crap="1" count="28"/>
        <line num="12" type="stmt" count="28"/>
        <line num="13" type="stmt" count="28"/>
        <line num="21" type="method" name="validatePassword" visibility="public" complexity="5" crap="5" count="7"/>
        <line num="23" type="stmt" count="7"/>
        <line num="24" type="stmt" count="3"/>
        <line num="26" type="stmt" count="4"/>
        <line num="39" type="method" name="checkInputPasswordRange" visibility="public" complexity="1" crap="1" count="5"/>
        <line num="41" type="stmt" count="5"/>
        <line num="43" type="stmt" count="5"/>
        <line num="45" type="stmt" count="5"/>
        <line num="46" type="stmt" count="5"/>
        <line num="59" type="method" name="CheckDigitIncrements" visibility="public" complexity="4" crap="4" count="4"/>
        <line num="61" type="stmt" count="4"/>
        <line num="62" type="stmt" count="4"/>
        <line num="64" type="stmt" count="4"/>
        <line num="66" type="stmt" count="4"/>
        <line num="67" type="stmt" count="1"/>
        <line num="68" type="stmt" count="4"/>
        <line num="69" type="stmt" count="4"/>
        <line num="72" type="stmt" count="1"/>
        <line num="81" type="method" name="checkAdjacentValues" visibility="public" complexity="4" crap="4" count="4"/>
        <line num="83" type="stmt" count="4"/>
        <line num="84" type="stmt" count="4"/>
        <line num="86" type="stmt" count="4"/>
        <line num="88" type="stmt" count="4"/>
        <line num="89" type="stmt" count="1"/>
        <line num="90" type="stmt" count="4"/>
        <line num="91" type="stmt" count="4"/>
        <line num="95" type="stmt" count="1"/>
        <line num="106" type="method" name="checkGroupMatchingDigits" visibility="public" complexity="3" crap="3" count="4"/>
        <line num="108" type="stmt" count="4"/>
        <line num="109" type="stmt" count="4"/>
        <line num="110" type="stmt" count="4"/>
        <line num="111" type="stmt" count="2"/>
        <line num="114" type="stmt" count="2"/>
        <line num="125" type="method" name="validator" visibility="public" complexity="3" crap="3" count="5"/>
        <line num="127" type="stmt" count="5"/>
        <line num="128" type="stmt" count="2"/>
        <line num="129" type="stmt" count="3"/>
        <line num="130" type="stmt" count="2"/>
        <line num="132" type="stmt" count="1"/>
        <metrics loc="205" ncloc="129" classes="1" methods="7" coveredmethods="7" conditionals="0" coveredconditionals="0" statements="35" coveredstatements="35" elements="42" coveredelements="42"/>
      </file>
    </package>
    <metrics files="1" loc="205" ncloc="129" classes="1" methods="7" coveredmethods="7" conditionals="0" coveredconditionals="0" statements="35" coveredstatements="35" elements="42" coveredelements="42"/>
  </project>
</coverage>
